-------------------------------------------------------------------------------
Test set: Authorized
-------------------------------------------------------------------------------
Tests run: 2, Failures: 0, Errors: 1, Skipped: 0, Time elapsed: 8.925 s <<< FAILURE! - in Authorized
Authorized.Sign in with invalid username and password  Time elapsed: 1.067 s  <<< ERROR!
net.serenitybdd.core.exceptions.SerenityManagedException: 
1 expectation failed.
Expected status code <400> but was <404>.


